Individuals
+-----------+--------------------+--------+------------+-----+-------+------------+-----------+----------------------------+
|     ID    |        Name        | Gender |  Birthday  | Age | Alive |   Death    |   Child   |           Spouse           |
+-----------+--------------------+--------+------------+-----+-------+------------+-----------+----------------------------+
|     I8    | Shakuntala /Joshi/ |   F    | 09/12/1995 |  24 |  True |     NA     |     NA    |         ['US10F1']         |
|   US01I1  |    Terry /Bull/    |   M    | 06/07/2021 |  -2 |  True |     NA     |   US01F2  |         ['US01F1']         |
|   US01I2  |    Lewis /Bull/    |   M    | 02/15/1964 |  56 |  True |     NA     |     NA    |         ['US01F2']         |
|   US01I3  |    Susy /Bull/     |   F    | 07/04/1968 |  51 |  True |     NA     |     NA    |         ['US01F2']         |
|   US01I4  |    Sara /Bull/     |   F    | 09/04/1994 |  25 |  True |     NA     |   US01F2  |             NA             |
|   US01I5  |   Penny /Ellis/    |   F    | 07/17/2100 | -81 |  True |     NA     |   US01F3  |         ['US01F1']         |
|  US0206I1 |  Akshaya /Singh/   |   F    | 06/04/1973 |  46 |  True |     NA     |     NA    |        ['US0206F1']        |
|  US0206I2 |   Rakhib /Singh/   |   M    | 04/12/1970 |  20 | False | 06/13/1990 |  US0206F2 |        ['US0206F1']        |
|  US0206I3 |  Abhinav /Singh/   |   M    | 05/08/1993 |  26 |  True |     NA     |  US0206F1 |        ['US0206F3']        |
|  US0206I4 | Abhilasha /Singh/  |   F    | 07/04/1996 |  23 | False | 09/06/2019 |     NA    |        ['US0206F3']        |
|  US0206I5 |  Deepthi /Singh/   |   F    | 07/05/1995 |  22 | False | 05/07/2018 |  US0206F1 |        ['US0206F4']        |
|  US0206I6 |    Hari /Singh/    |   M    | 06/06/1993 |  24 | False | 04/05/2018 |     NA    |        ['US0206F4']        |
|  US0206I7 |   Ashwin /Singh/   |   M    | 03/04/1949 |  70 |  True |     NA     |     NA    |        ['US0206F2']        |
|  US0206I8 |   Jishu /Singh/    |   F    | 05/05/1979 |  40 |  True |     NA     |     NA    |        ['US0206F2']        |
| US0304I01 |   Mahesh /Vadde/   |   M    | 04/04/2006 |  -1 | False | 06/13/2005 |     NA    |       ['US0304F01']        |
| US0304I02 |    Buvi /Vadde/    |   F    | 03/14/1922 |  97 |  True |     NA     |     NA    |       ['US0304F01']        |
| US0304I03 |   Mukesh /Vadde/   |   M    | 04/28/1945 |  74 |  True |     NA     | US0304F01 |       ['US0304F02']        |
| US0304I04 |    Kavya /Sahu/    |   F    | 12/15/1947 |  72 |  True |     NA     | US0304F01 | ['US0304F03', 'US0304F04'] |
| US0304I05 |        None        |   F    | 03/14/1951 |  68 |  True |     NA     |     NA    |       ['US0304F02']        |
| US0304I06 |        None        |   F    | 02/19/1975 |  45 |  True |     NA     | US0304F02 |             NA             |
| US0304I07 |        None        |   F    | 02/04/1975 |  45 |  True |     NA     | US0304F02 |             NA             |
| US0304I08 |   Abhi /Yepuri/    |   M    | 04/18/1959 |  23 | False | 09/08/1982 |     NA    |       ['US0304F03']        |
| US0304I09 |   Varun /Yepuri/   |   M    | 10/12/1975 |  44 |  True |     NA     | US0304F03 |             NA             |
| US0304I10 |   Vishu /Vadde/    |   M    | 12/19/1950 |  69 |  True |     NA     |     NA    |       ['US0304F04']        |
| US0304I11 |   Harsha /Sahu/    |   M    | 03/05/1987 |  32 |  True |     NA     | US0304F04 |             NA             |
| US0304I12 |    Moni /Sahu/     |   F    | 04/05/1989 |  30 |  True |     NA     | US0304F04 |             NA             |
|  US0507I1 |   Anand /Batia/    |   F    | 04/05/1815 | 195 | False | 07/07/2010 |     NA    |        ['US0507F1']        |
|  US0507I2 |   Anjali /Batia/   |   F    | 07/06/1955 |  57 | False | 08/07/2012 |     NA    |        ['US0507F1']        |
|  US0507I3 |   Kiara /Batia/    |   F    | 07/08/1975 |  44 |  True |     NA     |  US0507F1 |        ['US0507F2']        |
|  US0507I4 |   Karan /Batia/    |   M    | 06/04/1975 |  44 | False | 07/19/2019 |     NA    |        ['US0507F2']        |
|  US0507I5 |   Kriti /Batia/    |   F    | 05/04/1976 |  1  | False | 05/07/1977 |  US0507F1 |        ['US0507F3']        |
|  US0507I6 |  Kaushal /Batia/   |   M    | 08/04/1976 |  43 |  True |     NA     |     NA    |        ['US0507F3']        |
|  US0507I7 |   Karthi /Batia/   |   M    | 05/06/1976 |  2  | False | 07/05/1978 |  US0507F1 |        ['US0507F4']        |
|  US0507I8 |    Sara /Batia/    |   F    | 06/04/1977 |  3  | False | 11/02/1980 |     NA    |        ['US0507F4']        |
|   US08I1  |    Terry /Bull/    |   M    | 06/07/1991 |  28 |  True |     NA     |   US08F2  |         ['US08F1']         |
|   US08I2  |   Penny /Ellis/    |   F    | 07/17/1993 |  26 |  True |     NA     |   US08F3  |         ['US08F1']         |
|   US08I3  |    Lewis /Bull/    |   M    | 02/15/1964 |  56 |  True |     NA     |     NA    |         ['US08F2']         |
|   US08I4  |    Susy /Bull/     |   F    | 07/04/1968 |  51 |  True |     NA     |     NA    |         ['US08F2']         |
|   US08I5  |    Sara /Bull/     |   F    | 09/04/1994 |  25 |  True |     NA     |   US08F2  |             NA             |
|   US08I6  |    Mort /Bull/     |   M    | 01/24/2015 |  5  |  True |     NA     |   US08F1  |             NA             |
|   US08I7  |    Rick /Bull/     |   M    | 03/08/1987 |  32 |  True |     NA     |   US08F2  |             NA             |
|   US08I8  |   Frank /Ellis/    |   M    | 10/07/2017 |  2  |  True |     NA     |   US08F1  |             NA             |
|   US09I1  |    Jay /Singh/     |   M    | 08/24/1997 |  22 |  True |     NA     |   US09F1  |             NA             |
|   US09I2  |   Vijay /Singh/    |   M    | 07/15/1970 |  49 |  True |     NA     |   US09F2  |         ['US09F1']         |
|   US09I3  |   Neeta /Tanna/    |   F    | 07/05/1972 |  24 | False | 08/08/1996 |     NA    |         ['US09F1']         |
|   US09I4  |   Parth /Singh/    |   M    | 06/07/1938 |  37 | False | 05/06/1976 |     NA    |         ['US09F2']         |
|   US09I5  |   Mitali /Parab/   |   F    | 11/07/1940 |  79 |  True |     NA     |     NA    |         ['US09F2']         |
|   US09I6  |   Rahul /Singh/    |   M    | 07/05/1978 |  41 |  True |     NA     |   US09F2  |             NA             |
|   US10I1  |   Raghu /Chari/    |   M    | 09/15/1999 |  20 |  True |     NA     |   US10F2  |         ['US10F1']         |
|   US10I2  |  Vignesh /Chari/   |   M    | 08/08/1974 |  45 |  True |     NA     |     NA    |         ['US10F2']         |
|   US10I3  |   Rekha /Jadhav/   |   F    | 09/11/1974 |  45 |  True |     NA     |   US10F3  |         ['US10F2']         |
|   US10I4  |  Madhav /Jadhav/   |   M    | 10/06/1941 |  78 |  True |     NA     |     NA    |         ['US10F3']         |
|   US10I5  |  Anushree /Patil/  |   F    | 09/10/1945 |  74 |  True |     NA     |     NA    |         ['US10F3']         |
|   US10I6  |  Rajesh /Jadhav/   |   M    | 10/10/1976 |  43 |  True |     NA     |   US10F3  |         ['US10F4']         |
|   US10I7  |   Varsha /Pawar/   |   F    | 02/12/1977 |  43 |  True |     NA     |     NA    |         ['US10F4']         |
+-----------+--------------------+--------+------------+-----+-------+------------+-----------+----------------------------+
Families
+-----------+------------+------------+------------+-----------------+-----------+-------------------+--------------------------------------+
|     ID    |  Married   |  Divorced  | Husband ID |   Husband Name  |  Wife ID  |     Wife Name     |               Children               |
+-----------+------------+------------+------------+-----------------+-----------+-------------------+--------------------------------------+
|     F3    | 07/05/1970 |     NA     |   US10I4   | Madhav /Jadhav/ |   US10I5  |  Anushree /Patil/ |         ['US10I3', 'US10I6']         |
|   US01F1  | 02/02/2100 |     NA     |   US01I1   |   Terry /Bull/  |   US01I2  |    Lewis /Bull/   |         ['US01I6', 'US01I8']         |
|   US01F2  | 05/03/1988 |     NA     |   US01I3   |   Susy /Bull/   |   US01I4  |    Sara /Bull/    |    ['US01I1', 'US01I5', 'US01I7']    |
|  US0206F1 | 04/04/1978 | 04/04/1999 |  US0206I2  |  Rakhib /Singh/ |  US0206I1 |  Akshaya /Singh/  |       ['US0206I3', 'US0206I5']       |
|  US0206F2 | 03/09/1969 |     NA     |  US0206I7  |  Ashwin /Singh/ |  US0206I8 |   Jishu /Singh/   |             ['US0206I2']             |
|  US0206F3 |     NA     |     NA     |  US0206I3  | Abhinav /Singh/ |  US0206I4 | Abhilasha /Singh/ |                  []                  |
|  US0206F4 | 05/11/2016 | 03/05/2019 |  US0206I6  |   Hari /Singh/  |  US0206I5 |  Deepthi /Singh/  |                  []                  |
| US0304F01 | 10/18/1942 |     NA     | US0304I01  |  Mahesh /Vadde/ | US0304I02 |    Buvi /Vadde/   |      ['US0304I03', 'US0304I04']      |
| US0304F02 | 04/15/1975 |     NA     | US0304I03  |  Mukesh /Vadde/ | US0304I05 |        None       |      ['US0304I06', 'US0304I07']      |
| US0304F03 | 08/07/1975 |     NA     | US0304I08  |  Abhi /Yepuri/  | US0304I04 |    Kavya /Sahu/   |            ['US0304I09']             |
| US0304F04 | 10/12/1985 | 10/14/1983 | US0304I10  |  Vishu /Vadde/  | US0304I04 |    Kavya /Sahu/   |      ['US0304I11', 'US0304I12']      |
|  US0507F1 | 08/04/1975 |     NA     |  US0507I1  |  Anand /Batia/  |  US0507I2 |   Anjali /Batia/  | ['US0507I3', 'US0507I5', 'US0507I7'] |
|  US0507F2 | 07/04/2021 |     NA     |  US0507I4  |  Karan /Batia/  |  US0507I3 |   Kiara /Batia/   |                  []                  |
|  US0507F3 | 06/04/2000 |     NA     |  US0507I6  | Kaushal /Batia/ |  US0507I5 |   Kriti /Batia/   |                  []                  |
|  US0507F4 | 08/02/2002 |     NA     |  US0507I7  |  Karthi /Batia/ |  US0507I8 |    Sara /Batia/   |                  []                  |
|   US08F1  | 02/02/2100 |     NA     |   US08I1   |   Terry /Bull/  |   US08I2  |   Penny /Ellis/   |         ['US08I6', 'US08I8']         |
|   US08F2  | 05/03/1988 | 06/04/1992 |   US08I3   |   Lewis /Bull/  |   US08I4  |    Susy /Bull/    |    ['US08I1', 'US08I5', 'US08I7']    |
|   US08F3  |     NA     |     NA     |     NA     |        NA       |     NA    |         NA        |              ['US08I2']              |
|   US09F1  | 12/19/1993 |     NA     |   US09I2   |  Vijay /Singh/  |   US09I3  |   Neeta /Tanna/   |              ['US09I1']              |
|   US09F2  | 05/11/1969 |     NA     |   US09I4   |  Parth /Singh/  |   US09I5  |   Mitali /Parab/  |         ['US09I2', 'US09I6']         |
|   US10F1  | 07/05/2011 |     NA     |   US10I1   |  Raghu /Chari/  |   US10I8  |         NA        |                  []                  |
|   US10F2  | 10/06/1982 |     NA     |   US10I2   | Vignesh /Chari/ |   US10I3  |   Rekha /Jadhav/  |              ['US10I1']              |
|   US10F4  | 12/07/1990 |     NA     |   US10I6   | Rajesh /Jadhav/ |   US10I7  |   Varsha /Pawar/  |                  []                  |
+-----------+------------+------------+------------+-----------------+-----------+-------------------+--------------------------------------+
ERROR: INDIVIDUAL: US09: US09I1: Birthday 08/24/1997 occurs after mother's death date 08/08/1996
ERROR: INDIVIDUAL: US10: US01I4: Wife married before turning 14
ERROR: INDIVIDUAL: US10: US0206I2: Husband married before turning 14 and Wife married before turning 14
ERROR: INDIVIDUAL: US10: US0206I8: Wife married before turning 14
ERROR: INDIVIDUAL: US10: US0304I01: Husband married before turning 14
ERROR: INDIVIDUAL: US10: US10I1: Husband married before turning 14
ERROR: INDIVIDUAL: US10: US10I2: Husband married before turning 14 and Wife married before turning 14
ERROR: INDIVIDUAL: US10: US10I7: Wife married before turning 14
ERROR: INDIVIDUAL: US01: US01I1: Birthday 06/07/2021 occurs in future
ERROR: INDIVIDUAL: US01: US01I5: Birthday 07/17/2100 occurs in future
ERROR: FAMILY: US01: US01F1: Marriage date 02/02/2100 occurs in future
ERROR: FAMILY: US01: US0507F2: Marriage date 07/04/2021 occurs in future
ERROR: FAMILY: US01: US08F1: Marriage date 02/02/2100 occurs in future
ERROR: INDIVIDUAL: US08: US0304I06: Birth date 02/19/1975 is before or on parent's marriage date 04/15/1975
ERROR: INDIVIDUAL: US08: US0304I07: Birth date 02/04/1975 is before or on parent's marriage date 04/15/1975
ERROR: INDIVIDUAL: US08: US0304I11: Birth date 03/05/1987 is more than 9 months after parent's divorce date 10/14/1983
ERROR: INDIVIDUAL: US08: US0304I12: Birth date 04/05/1989 is more than 9 months after parent's divorce date 10/14/1983
ERROR: INDIVIDUAL: US08: US0507I3: Birth date 07/08/1975 is before or on parent's marriage date 08/04/1975
ERROR: INDIVIDUAL: US08: US08I5: Birth date 09/04/1994 is more than 9 months after parent's divorce date 06/04/1992
ERROR: INDIVIDUAL: US08: US08I6: Birth date 01/24/2015 is before or on parent's marriage date 02/02/2100
ERROR: INDIVIDUAL: US08: US08I7: Birth date 03/08/1987 is before or on parent's marriage date 05/03/1988
ERROR: INDIVIDUAL: US08: US08I8: Birth date 10/07/2017 is before or on parent's marriage date 02/02/2100
ERROR: INDIVIDUAL: US02: US01I5: birth date 07/17/2100 should not occur after or on marriage date 02/02/2100
ERROR: INDIVIDUAL: US02: US0206I8: birth date 05/05/1979 should not occur after or on marriage date 03/09/1969
ERROR: INDIVIDUAL: US02: US0304I01: birth date 04/04/2006 should not occur after or on marriage date 10/18/1942
ERROR: FAMILY: US06: US0206F1: death date 06/13/1990 of husband is  before the divorce date 04/04/1999
ERROR: FAMILY: US06: US0206F4: death date 04/05/2018, 05/07/2018  is before the divorce date for both 03/05/2019
ERROR: FAMILY: US05: US0507F2: Marriage date 07/04/2021 should occur before death of Karan /Batia/ - 07/19/2019
ERROR: FAMILY: US05: US0507F3: Marriage date 06/04/2000 should occur before death of Kriti /Batia/ - 05/07/1977
ERROR: FAMILY: US05: US0507F4: Marriage 08/02/2002 should occur before death of Karthi /Batia/ - 07/05/1978, Sara /Batia/ - 11/02/1980
ERROR: INDIVIDUAL: US07: US0507I1: Age is greater than or equal to 150, Anand /Batia/ Age: 195
ERROR: INDIVIDUAL: US03: US0304I01: Birth 04/04/2006 should occur before death 06/13/2005
ERROR: FAMILY: US04: US0304F04: Marriage 10/12/1985 should occur before divorse 10/14/1983
